16-11-2024 19:57:10.112 INFO  HV000001: Hibernate Validator 8.0.1.Final
16-11-2024 19:57:10.249 INFO  Starting TaskMangagerApplication using Java 17.0.10 with PID 28136 (D:\sources\Projecs\taskMangager\target\classes started by Khaled.Mohamed in D:\sources\Projecs\taskMangager)
16-11-2024 19:57:10.255 INFO  No active profile set, falling back to 1 default profile: "default"
16-11-2024 19:57:10.312 INFO  Devtools property defaults active! Set 'spring.devtools.add-properties' to 'false' to disable
16-11-2024 19:57:10.312 INFO  For additional web related logging consider setting the 'logging.level.web' property to 'DEBUG'
16-11-2024 19:57:11.729 INFO  Bootstrapping Spring Data JPA repositories in DEFAULT mode.
16-11-2024 19:57:11.869 INFO  Finished Spring Data repository scanning in 61 ms. Found 3 JPA repository interfaces.
16-11-2024 19:57:12.749 INFO  Tomcat initialized with port 9191 (http)
16-11-2024 19:57:12.763 INFO  Initializing ProtocolHandler ["http-nio-9191"]
16-11-2024 19:57:12.765 INFO  Starting service [Tomcat]
16-11-2024 19:57:12.766 INFO  Starting Servlet engine: [Apache Tomcat/10.1.20]
16-11-2024 19:57:12.877 INFO  Initializing Spring embedded WebApplicationContext
16-11-2024 19:57:12.879 INFO  Root WebApplicationContext: initialization completed in 2564 ms
16-11-2024 19:57:13.272 INFO  HHH000204: Processing PersistenceUnitInfo [name: default]
16-11-2024 19:57:13.333 INFO  HHH000412: Hibernate ORM core version 6.4.4.Final
16-11-2024 19:57:13.368 INFO  HHH000026: Second-level cache disabled
16-11-2024 19:57:13.612 INFO  No LoadTimeWeaver setup: ignoring JPA class transformer
16-11-2024 19:57:13.642 INFO  HikariPool-1 - Starting...
16-11-2024 19:57:13.962 INFO  HikariPool-1 - Added connection com.mysql.cj.jdbc.ConnectionImpl@4f3b5e4a
16-11-2024 19:57:13.964 INFO  HikariPool-1 - Start completed.
16-11-2024 19:57:15.420 INFO  HHH000489: No JTA platform available (set 'hibernate.transaction.jta.platform' to enable JTA platform integration)
16-11-2024 19:57:15.985 INFO  Initialized JPA EntityManagerFactory for persistence unit 'default'
16-11-2024 19:57:18.324 INFO  Exposing 12 endpoint(s) beneath base path '/actuator'
16-11-2024 19:57:18.364 INFO  Will secure any request with [org.springframework.security.web.session.DisableEncodeUrlFilter@31531c5a, org.springframework.security.web.context.request.async.WebAsyncManagerIntegrationFilter@12b13eab, org.springframework.security.web.context.SecurityContextHolderFilter@e2cf226, org.springframework.security.web.header.HeaderWriterFilter@21688650, org.springframework.web.filter.CorsFilter@5e7ef93c, org.springframework.security.web.csrf.CsrfFilter@374e15ac, org.springframework.security.web.authentication.logout.LogoutFilter@467bb9ab, org.springframework.security.web.authentication.UsernamePasswordAuthenticationFilter@3f999c18, org.springframework.security.web.authentication.ui.DefaultLoginPageGeneratingFilter@2231bf17, org.springframework.security.web.authentication.ui.DefaultLogoutPageGeneratingFilter@36646529, org.springframework.security.web.authentication.www.BasicAuthenticationFilter@6db90a0c, org.springframework.security.web.savedrequest.RequestCacheAwareFilter@6ba37959, org.springframework.security.web.servletapi.SecurityContextHolderAwareRequestFilter@116958b, org.springframework.security.web.authentication.AnonymousAuthenticationFilter@1ffc0e73, org.springframework.security.web.access.ExceptionTranslationFilter@576369e4, org.springframework.security.web.access.intercept.AuthorizationFilter@4d3c155a]
16-11-2024 19:57:18.568 INFO  LiveReload server is running on port 35729
16-11-2024 19:57:18.666 INFO  Starting ProtocolHandler ["http-nio-9191"]
16-11-2024 19:57:18.706 INFO  Tomcat started on port 9191 (http) with context path '/bm/tm'
16-11-2024 19:57:18.734 INFO  Started TaskMangagerApplication in 9.054 seconds (process running for 11.007)
16-11-2024 20:00:38.295 INFO  Closing JPA EntityManagerFactory for persistence unit 'default'
16-11-2024 20:00:38.345 INFO  HikariPool-1 - Shutdown initiated...
16-11-2024 20:00:38.362 INFO  HikariPool-1 - Shutdown completed.
