16-11-2024 20:00:43.939 INFO  HV000001: Hibernate Validator 8.0.1.Final
16-11-2024 20:00:44.006 INFO  Starting TaskMangagerApplication using Java 17.0.10 with PID 1884 (D:\sources\Projecs\taskMangager\target\classes started by Khaled.Mohamed in D:\sources\Projecs\taskMangager)
16-11-2024 20:00:44.013 INFO  No active profile set, falling back to 1 default profile: "default"
16-11-2024 20:00:44.074 INFO  Devtools property defaults active! Set 'spring.devtools.add-properties' to 'false' to disable
16-11-2024 20:00:44.074 INFO  For additional web related logging consider setting the 'logging.level.web' property to 'DEBUG'
16-11-2024 20:00:45.602 INFO  Bootstrapping Spring Data JPA repositories in DEFAULT mode.
16-11-2024 20:00:45.692 INFO  Finished Spring Data repository scanning in 77 ms. Found 3 JPA repository interfaces.
16-11-2024 20:00:46.869 INFO  Tomcat initialized with port 9191 (http)
16-11-2024 20:00:46.894 INFO  Initializing ProtocolHandler ["http-nio-9191"]
16-11-2024 20:00:46.896 INFO  Starting service [Tomcat]
16-11-2024 20:00:46.897 INFO  Starting Servlet engine: [Apache Tomcat/10.1.20]
16-11-2024 20:00:47.007 INFO  Initializing Spring embedded WebApplicationContext
16-11-2024 20:00:47.009 INFO  Root WebApplicationContext: initialization completed in 2932 ms
16-11-2024 20:00:47.461 INFO  HHH000204: Processing PersistenceUnitInfo [name: default]
16-11-2024 20:00:47.600 INFO  HHH000412: Hibernate ORM core version 6.4.4.Final
16-11-2024 20:00:47.659 INFO  HHH000026: Second-level cache disabled
16-11-2024 20:00:48.077 INFO  No LoadTimeWeaver setup: ignoring JPA class transformer
16-11-2024 20:00:48.123 INFO  HikariPool-1 - Starting...
16-11-2024 20:00:48.711 INFO  HikariPool-1 - Added connection com.mysql.cj.jdbc.ConnectionImpl@26433f3
16-11-2024 20:00:48.714 INFO  HikariPool-1 - Start completed.
16-11-2024 20:00:50.377 INFO  HHH000489: No JTA platform available (set 'hibernate.transaction.jta.platform' to enable JTA platform integration)
16-11-2024 20:00:50.857 INFO  Initialized JPA EntityManagerFactory for persistence unit 'default'
16-11-2024 20:00:52.952 INFO  Exposing 12 endpoint(s) beneath base path '/actuator'
16-11-2024 20:00:53.005 INFO  Will secure any request with [org.springframework.security.web.session.DisableEncodeUrlFilter@5ba5902, org.springframework.security.web.context.request.async.WebAsyncManagerIntegrationFilter@199805b4, org.springframework.security.web.context.SecurityContextHolderFilter@48cdd689, org.springframework.security.web.header.HeaderWriterFilter@632172ad, org.springframework.web.filter.CorsFilter@10c3c30e, org.springframework.security.web.csrf.CsrfFilter@18235403, org.springframework.security.web.authentication.logout.LogoutFilter@6d8ecd3d, org.springframework.security.web.authentication.UsernamePasswordAuthenticationFilter@4b0891ab, org.springframework.security.web.authentication.ui.DefaultLoginPageGeneratingFilter@7756132d, org.springframework.security.web.authentication.ui.DefaultLogoutPageGeneratingFilter@3442d2a9, org.springframework.security.web.authentication.www.BasicAuthenticationFilter@64f94786, org.springframework.security.web.savedrequest.RequestCacheAwareFilter@2b8b8a03, org.springframework.security.web.servletapi.SecurityContextHolderAwareRequestFilter@779127b1, org.springframework.security.web.authentication.AnonymousAuthenticationFilter@63e7ef6a, org.springframework.security.web.access.ExceptionTranslationFilter@27fe94a5, org.springframework.security.web.access.intercept.AuthorizationFilter@601e3f08]
16-11-2024 20:00:53.183 INFO  LiveReload server is running on port 35729
16-11-2024 20:00:53.263 INFO  Starting ProtocolHandler ["http-nio-9191"]
16-11-2024 20:00:53.299 INFO  Tomcat started on port 9191 (http) with context path '/bm/tm'
16-11-2024 20:00:53.318 INFO  Started TaskMangagerApplication in 9.807 seconds (process running for 12.276)
16-11-2024 20:02:05.829 INFO  Closing JPA EntityManagerFactory for persistence unit 'default'
16-11-2024 20:02:06.026 INFO  HikariPool-1 - Shutdown initiated...
16-11-2024 20:02:06.046 INFO  HikariPool-1 - Shutdown completed.
