16-11-2024 20:02:18.324 INFO  HV000001: Hibernate Validator 8.0.1.Final
16-11-2024 20:02:18.385 INFO  Starting TaskMangagerApplication using Java 17.0.10 with PID 12144 (D:\sources\Projecs\taskMangager\target\classes started by Khaled.Mohamed in D:\sources\Projecs\taskMangager)
16-11-2024 20:02:18.389 INFO  No active profile set, falling back to 1 default profile: "default"
16-11-2024 20:02:18.444 INFO  Devtools property defaults active! Set 'spring.devtools.add-properties' to 'false' to disable
16-11-2024 20:02:18.444 INFO  For additional web related logging consider setting the 'logging.level.web' property to 'DEBUG'
16-11-2024 20:02:19.941 INFO  Bootstrapping Spring Data JPA repositories in DEFAULT mode.
16-11-2024 20:02:20.025 INFO  Finished Spring Data repository scanning in 74 ms. Found 3 JPA repository interfaces.
16-11-2024 20:02:20.995 INFO  Tomcat initialized with port 9191 (http)
16-11-2024 20:02:21.013 INFO  Initializing ProtocolHandler ["http-nio-9191"]
16-11-2024 20:02:21.016 INFO  Starting service [Tomcat]
16-11-2024 20:02:21.016 INFO  Starting Servlet engine: [Apache Tomcat/10.1.20]
16-11-2024 20:02:21.116 INFO  Initializing Spring embedded WebApplicationContext
16-11-2024 20:02:21.119 INFO  Root WebApplicationContext: initialization completed in 2672 ms
16-11-2024 20:02:21.534 INFO  HHH000204: Processing PersistenceUnitInfo [name: default]
16-11-2024 20:02:21.621 INFO  HHH000412: Hibernate ORM core version 6.4.4.Final
16-11-2024 20:02:21.673 INFO  HHH000026: Second-level cache disabled
16-11-2024 20:02:21.980 INFO  No LoadTimeWeaver setup: ignoring JPA class transformer
16-11-2024 20:02:22.031 INFO  HikariPool-1 - Starting...
16-11-2024 20:02:22.457 INFO  HikariPool-1 - Added connection com.mysql.cj.jdbc.ConnectionImpl@c9a1a4f
16-11-2024 20:02:22.459 INFO  HikariPool-1 - Start completed.
16-11-2024 20:02:23.892 INFO  HHH000489: No JTA platform available (set 'hibernate.transaction.jta.platform' to enable JTA platform integration)
16-11-2024 20:02:24.332 INFO  Initialized JPA EntityManagerFactory for persistence unit 'default'
16-11-2024 20:02:26.507 INFO  Exposing 12 endpoint(s) beneath base path '/actuator'
16-11-2024 20:02:26.589 INFO  Will secure any request with [org.springframework.security.web.session.DisableEncodeUrlFilter@35704d03, org.springframework.security.web.context.request.async.WebAsyncManagerIntegrationFilter@311542b1, org.springframework.security.web.context.SecurityContextHolderFilter@1d5c95b9, org.springframework.security.web.header.HeaderWriterFilter@4be2d7c4, org.springframework.web.filter.CorsFilter@7fee740f, org.springframework.security.web.csrf.CsrfFilter@11f62ffb, org.springframework.security.web.authentication.logout.LogoutFilter@56a0803d, org.springframework.security.web.authentication.UsernamePasswordAuthenticationFilter@1ebeec63, org.springframework.security.web.authentication.ui.DefaultLoginPageGeneratingFilter@4ac60aeb, org.springframework.security.web.authentication.ui.DefaultLogoutPageGeneratingFilter@6a85b5da, org.springframework.security.web.authentication.www.BasicAuthenticationFilter@3f999c18, org.springframework.security.web.savedrequest.RequestCacheAwareFilter@634aecc0, org.springframework.security.web.servletapi.SecurityContextHolderAwareRequestFilter@1b3b58d7, org.springframework.security.web.authentication.AnonymousAuthenticationFilter@5d2af5dc, org.springframework.security.web.access.ExceptionTranslationFilter@31638c91, org.springframework.security.web.access.intercept.AuthorizationFilter@198cda0a]
16-11-2024 20:02:26.826 INFO  LiveReload server is running on port 35729
16-11-2024 20:02:26.930 INFO  Starting ProtocolHandler ["http-nio-9191"]
16-11-2024 20:02:26.979 INFO  Tomcat started on port 9191 (http) with context path '/bm/tm'
16-11-2024 20:02:27.015 INFO  Started TaskMangagerApplication in 9.159 seconds (process running for 11.341)
16-11-2024 20:05:15.057 INFO  Closing JPA EntityManagerFactory for persistence unit 'default'
16-11-2024 20:05:15.208 INFO  HikariPool-1 - Shutdown initiated...
16-11-2024 20:05:15.232 INFO  HikariPool-1 - Shutdown completed.
