16-11-2024 20:05:25.944 INFO  HV000001: Hibernate Validator 8.0.1.Final
16-11-2024 20:05:26.001 INFO  Starting TaskMangagerApplication using Java 17.0.10 with PID 28460 (D:\sources\Projecs\taskMangager\target\classes started by Khaled.Mohamed in D:\sources\Projecs\taskMangager)
16-11-2024 20:05:26.006 INFO  No active profile set, falling back to 1 default profile: "default"
16-11-2024 20:05:26.066 INFO  Devtools property defaults active! Set 'spring.devtools.add-properties' to 'false' to disable
16-11-2024 20:05:26.066 INFO  For additional web related logging consider setting the 'logging.level.web' property to 'DEBUG'
16-11-2024 20:05:27.592 INFO  Bootstrapping Spring Data JPA repositories in DEFAULT mode.
16-11-2024 20:05:27.690 INFO  Finished Spring Data repository scanning in 84 ms. Found 3 JPA repository interfaces.
16-11-2024 20:05:28.811 INFO  Tomcat initialized with port 9191 (http)
16-11-2024 20:05:28.826 INFO  Initializing ProtocolHandler ["http-nio-9191"]
16-11-2024 20:05:28.829 INFO  Starting service [Tomcat]
16-11-2024 20:05:28.829 INFO  Starting Servlet engine: [Apache Tomcat/10.1.20]
16-11-2024 20:05:28.928 INFO  Initializing Spring embedded WebApplicationContext
16-11-2024 20:05:28.930 INFO  Root WebApplicationContext: initialization completed in 2862 ms
16-11-2024 20:05:29.369 INFO  HHH000204: Processing PersistenceUnitInfo [name: default]
16-11-2024 20:05:29.447 INFO  HHH000412: Hibernate ORM core version 6.4.4.Final
16-11-2024 20:05:29.500 INFO  HHH000026: Second-level cache disabled
16-11-2024 20:05:29.820 INFO  No LoadTimeWeaver setup: ignoring JPA class transformer
16-11-2024 20:05:29.862 INFO  HikariPool-1 - Starting...
16-11-2024 20:05:30.236 INFO  HikariPool-1 - Added connection com.mysql.cj.jdbc.ConnectionImpl@2f8e5120
16-11-2024 20:05:30.238 INFO  HikariPool-1 - Start completed.
16-11-2024 20:05:31.749 INFO  HHH000489: No JTA platform available (set 'hibernate.transaction.jta.platform' to enable JTA platform integration)
16-11-2024 20:05:32.260 INFO  Initialized JPA EntityManagerFactory for persistence unit 'default'
16-11-2024 20:05:35.104 INFO  Exposing 12 endpoint(s) beneath base path '/actuator'
16-11-2024 20:05:35.200 INFO  Will secure any request with [org.springframework.security.web.session.DisableEncodeUrlFilter@6a37ebf3, org.springframework.security.web.context.request.async.WebAsyncManagerIntegrationFilter@582b1125, org.springframework.security.web.context.SecurityContextHolderFilter@68179092, org.springframework.security.web.header.HeaderWriterFilter@4ee681f4, org.springframework.web.filter.CorsFilter@dc31f2b, org.springframework.security.web.csrf.CsrfFilter@57a1a74e, org.springframework.security.web.authentication.logout.LogoutFilter@7ca297e0, org.springframework.security.web.authentication.UsernamePasswordAuthenticationFilter@3a0be307, org.springframework.security.web.authentication.ui.DefaultLoginPageGeneratingFilter@6ef4fcab, org.springframework.security.web.authentication.ui.DefaultLogoutPageGeneratingFilter@71ae685, org.springframework.security.web.authentication.www.BasicAuthenticationFilter@33363503, org.springframework.security.web.savedrequest.RequestCacheAwareFilter@2f10c45b, org.springframework.security.web.servletapi.SecurityContextHolderAwareRequestFilter@3667a54b, org.springframework.security.web.authentication.AnonymousAuthenticationFilter@52a7fde6, org.springframework.security.web.access.ExceptionTranslationFilter@7756132d, org.springframework.security.web.access.intercept.AuthorizationFilter@10c3c30e]
16-11-2024 20:05:35.446 INFO  LiveReload server is running on port 35729
16-11-2024 20:05:35.537 INFO  Starting ProtocolHandler ["http-nio-9191"]
16-11-2024 20:05:35.575 INFO  Tomcat started on port 9191 (http) with context path '/bm/tm'
16-11-2024 20:05:35.604 INFO  Started TaskMangagerApplication in 10.118 seconds (process running for 12.434)
16-11-2024 20:06:25.889 INFO  Restarting due to 2 class path changes (0 additions, 2 deletions, 0 modifications)
16-11-2024 20:06:25.897 INFO  Stopping ProtocolHandler ["http-nio-9191"]
16-11-2024 20:06:25.999 INFO  Closing JPA EntityManagerFactory for persistence unit 'default'
16-11-2024 20:06:26.203 INFO  HikariPool-1 - Shutdown initiated...
16-11-2024 20:06:26.232 INFO  HikariPool-1 - Shutdown completed.
16-11-2024 20:06:26.435 INFO  Starting TaskMangagerApplication using Java 17.0.10 with PID 28460 (D:\sources\Projecs\taskMangager\target\classes started by Khaled.Mohamed in D:\sources\Projecs\taskMangager)
16-11-2024 20:06:26.436 INFO  No active profile set, falling back to 1 default profile: "default"
16-11-2024 20:06:27.157 INFO  Bootstrapping Spring Data JPA repositories in DEFAULT mode.
16-11-2024 20:06:27.191 INFO  

Error starting ApplicationContext. To display the condition evaluation report re-run your application with 'debug' enabled.
16-11-2024 20:06:29.839 INFO  Starting TaskMangagerApplication using Java 17.0.10 with PID 28460 (D:\sources\Projecs\taskMangager\target\classes started by Khaled.Mohamed in D:\sources\Projecs\taskMangager)
16-11-2024 20:06:29.839 INFO  No active profile set, falling back to 1 default profile: "default"
16-11-2024 20:06:30.556 INFO  Bootstrapping Spring Data JPA repositories in DEFAULT mode.
16-11-2024 20:06:30.589 INFO  Finished Spring Data repository scanning in 21 ms. Found 3 JPA repository interfaces.
16-11-2024 20:06:30.856 INFO  Tomcat initialized with port 9191 (http)
16-11-2024 20:06:30.856 INFO  Initializing ProtocolHandler ["http-nio-9191"]
16-11-2024 20:06:30.871 INFO  Starting service [Tomcat]
16-11-2024 20:06:30.871 INFO  Starting Servlet engine: [Apache Tomcat/10.1.20]
16-11-2024 20:06:30.923 INFO  Initializing Spring embedded WebApplicationContext
16-11-2024 20:06:30.923 INFO  Root WebApplicationContext: initialization completed in 1066 ms
16-11-2024 20:06:31.126 INFO  HHH000204: Processing PersistenceUnitInfo [name: default]
16-11-2024 20:06:31.126 INFO  HHH000026: Second-level cache disabled
16-11-2024 20:06:31.132 INFO  No LoadTimeWeaver setup: ignoring JPA class transformer
16-11-2024 20:06:31.132 INFO  HikariPool-2 - Starting...
16-11-2024 20:06:31.161 INFO  HikariPool-2 - Added connection com.mysql.cj.jdbc.ConnectionImpl@119a3840
16-11-2024 20:06:31.161 INFO  HikariPool-2 - Start completed.
16-11-2024 20:06:31.291 INFO  HHH000489: No JTA platform available (set 'hibernate.transaction.jta.platform' to enable JTA platform integration)
16-11-2024 20:06:31.781 INFO  Initialized JPA EntityManagerFactory for persistence unit 'default'
16-11-2024 20:06:32.938 INFO  Exposing 12 endpoint(s) beneath base path '/actuator'
16-11-2024 20:06:32.989 INFO  Will secure any request with [org.springframework.security.web.session.DisableEncodeUrlFilter@79eee26d, org.springframework.security.web.context.request.async.WebAsyncManagerIntegrationFilter@4433fbb5, org.springframework.security.web.context.SecurityContextHolderFilter@6bceb133, org.springframework.security.web.header.HeaderWriterFilter@3ee66e47, org.springframework.web.filter.CorsFilter@99255f2, org.springframework.security.web.csrf.CsrfFilter@7d5ad6a1, org.springframework.security.web.authentication.logout.LogoutFilter@7c4a302d, org.springframework.security.web.authentication.UsernamePasswordAuthenticationFilter@275f288e, org.springframework.security.web.authentication.ui.DefaultLoginPageGeneratingFilter@7d191797, org.springframework.security.web.authentication.ui.DefaultLogoutPageGeneratingFilter@5674848f, org.springframework.security.web.authentication.www.BasicAuthenticationFilter@3e906e13, org.springframework.security.web.savedrequest.RequestCacheAwareFilter@1072dacd, org.springframework.security.web.servletapi.SecurityContextHolderAwareRequestFilter@62cb3cb2, org.springframework.security.web.authentication.AnonymousAuthenticationFilter@5887e9a6, org.springframework.security.web.access.ExceptionTranslationFilter@7243439e, org.springframework.security.web.access.intercept.AuthorizationFilter@5a6b9ba2]
16-11-2024 20:06:33.088 INFO  LiveReload server is running on port 35729
16-11-2024 20:06:33.106 INFO  Starting ProtocolHandler ["http-nio-9191"]
16-11-2024 20:06:33.122 INFO  Tomcat started on port 9191 (http) with context path '/bm/tm'
16-11-2024 20:06:33.138 INFO  Started TaskMangagerApplication in 3.415 seconds (process running for 69.979)
16-11-2024 20:06:33.156 INFO  Condition evaluation unchanged
16-11-2024 20:21:49.066 INFO  Initializing Spring DispatcherServlet 'dispatcherServlet'
16-11-2024 20:21:49.066 INFO  Initializing Servlet 'dispatcherServlet'
16-11-2024 20:21:49.066 INFO  Completed initialization in 0 ms
16-11-2024 20:23:17.107 INFO  Init duration for springdoc-openapi is: 549 ms
16-11-2024 20:24:38.787 INFO  Restarting due to 1 class path change (0 additions, 1 deletion, 0 modifications)
16-11-2024 20:24:38.789 INFO  Stopping ProtocolHandler ["http-nio-9191"]
16-11-2024 20:24:38.859 INFO  Closing JPA EntityManagerFactory for persistence unit 'default'
16-11-2024 20:24:39.018 INFO  HikariPool-2 - Shutdown initiated...
16-11-2024 20:24:39.035 INFO  HikariPool-2 - Shutdown completed.
16-11-2024 20:24:39.190 INFO  Starting TaskMangagerApplication using Java 17.0.10 with PID 28460 (D:\sources\Projecs\taskMangager\target\classes started by Khaled.Mohamed in D:\sources\Projecs\taskMangager)
16-11-2024 20:24:39.191 INFO  No active profile set, falling back to 1 default profile: "default"
16-11-2024 20:24:39.584 INFO  Bootstrapping Spring Data JPA repositories in DEFAULT mode.
16-11-2024 20:24:39.599 INFO  Finished Spring Data repository scanning in 14 ms. Found 3 JPA repository interfaces.
16-11-2024 20:24:39.787 INFO  Tomcat initialized with port 9191 (http)
16-11-2024 20:24:39.789 INFO  Initializing ProtocolHandler ["http-nio-9191"]
16-11-2024 20:24:39.790 INFO  Starting service [Tomcat]
16-11-2024 20:24:39.790 INFO  Starting Servlet engine: [Apache Tomcat/10.1.20]
16-11-2024 20:24:39.833 INFO  Initializing Spring embedded WebApplicationContext
16-11-2024 20:24:39.833 INFO  Root WebApplicationContext: initialization completed in 640 ms
16-11-2024 20:24:39.960 INFO  Stopping service [Tomcat]
16-11-2024 20:24:39.978 INFO  

Error starting ApplicationContext. To display the condition evaluation report re-run your application with 'debug' enabled.
16-11-2024 20:24:56.861 INFO  Starting TaskMangagerApplication using Java 17.0.10 with PID 28460 (D:\sources\Projecs\taskMangager\target\classes started by Khaled.Mohamed in D:\sources\Projecs\taskMangager)
16-11-2024 20:24:56.861 INFO  No active profile set, falling back to 1 default profile: "default"
16-11-2024 20:24:57.235 INFO  Bootstrapping Spring Data JPA repositories in DEFAULT mode.
16-11-2024 20:24:57.274 INFO  Finished Spring Data repository scanning in 16 ms. Found 3 JPA repository interfaces.
16-11-2024 20:24:57.445 INFO  Tomcat initialized with port 9191 (http)
16-11-2024 20:24:57.447 INFO  Initializing ProtocolHandler ["http-nio-9191"]
16-11-2024 20:24:57.447 INFO  Starting service [Tomcat]
16-11-2024 20:24:57.447 INFO  Starting Servlet engine: [Apache Tomcat/10.1.20]
16-11-2024 20:24:57.499 INFO  Initializing Spring embedded WebApplicationContext
16-11-2024 20:24:57.499 INFO  Root WebApplicationContext: initialization completed in 636 ms
16-11-2024 20:24:57.664 INFO  HHH000204: Processing PersistenceUnitInfo [name: default]
16-11-2024 20:24:57.668 INFO  HHH000026: Second-level cache disabled
16-11-2024 20:24:57.673 INFO  No LoadTimeWeaver setup: ignoring JPA class transformer
16-11-2024 20:24:57.674 INFO  HikariPool-3 - Starting...
16-11-2024 20:24:57.706 INFO  HikariPool-3 - Added connection com.mysql.cj.jdbc.ConnectionImpl@3affaf11
16-11-2024 20:24:57.707 INFO  HikariPool-3 - Start completed.
16-11-2024 20:24:57.792 INFO  HHH000489: No JTA platform available (set 'hibernate.transaction.jta.platform' to enable JTA platform integration)
16-11-2024 20:24:58.134 INFO  Initialized JPA EntityManagerFactory for persistence unit 'default'
16-11-2024 20:24:58.910 INFO  Exposing 12 endpoint(s) beneath base path '/actuator'
16-11-2024 20:24:58.944 INFO  Will secure any request with [org.springframework.security.web.session.DisableEncodeUrlFilter@1d66f9e7, org.springframework.security.web.context.request.async.WebAsyncManagerIntegrationFilter@279e7738, org.springframework.security.web.context.SecurityContextHolderFilter@6975a7df, org.springframework.security.web.header.HeaderWriterFilter@6f550eec, org.springframework.web.filter.CorsFilter@12142ec6, org.springframework.security.web.csrf.CsrfFilter@4d249329, org.springframework.security.web.authentication.logout.LogoutFilter@7db1450c, org.springframework.security.web.authentication.UsernamePasswordAuthenticationFilter@651dfe92, org.springframework.security.web.authentication.ui.DefaultLoginPageGeneratingFilter@5443b816, org.springframework.security.web.authentication.ui.DefaultLogoutPageGeneratingFilter@35592425, org.springframework.security.web.authentication.www.BasicAuthenticationFilter@7a197f9e, org.springframework.security.web.savedrequest.RequestCacheAwareFilter@47c3f6a2, org.springframework.security.web.servletapi.SecurityContextHolderAwareRequestFilter@7777a62a, org.springframework.security.web.authentication.AnonymousAuthenticationFilter@1fda5aa8, org.springframework.security.web.access.ExceptionTranslationFilter@23777c64, org.springframework.security.web.access.intercept.AuthorizationFilter@37b82d2b]
16-11-2024 20:24:59.050 INFO  LiveReload server is running on port 35729
16-11-2024 20:24:59.071 INFO  Starting ProtocolHandler ["http-nio-9191"]
16-11-2024 20:24:59.082 INFO  Tomcat started on port 9191 (http) with context path '/bm/tm'
16-11-2024 20:24:59.094 INFO  Started TaskMangagerApplication in 2.275 seconds (process running for 1175.912)
16-11-2024 20:24:59.095 INFO  Condition evaluation unchanged
16-11-2024 20:25:59.287 INFO  Restarting due to 1 class path change (0 additions, 0 deletions, 1 modification)
16-11-2024 20:25:59.289 INFO  Stopping ProtocolHandler ["http-nio-9191"]
16-11-2024 20:25:59.345 INFO  Closing JPA EntityManagerFactory for persistence unit 'default'
16-11-2024 20:25:59.562 INFO  HikariPool-3 - Shutdown initiated...
16-11-2024 20:25:59.576 INFO  HikariPool-3 - Shutdown completed.
16-11-2024 20:25:59.702 INFO  Starting TaskMangagerApplication using Java 17.0.10 with PID 28460 (D:\sources\Projecs\taskMangager\target\classes started by Khaled.Mohamed in D:\sources\Projecs\taskMangager)
16-11-2024 20:25:59.703 INFO  No active profile set, falling back to 1 default profile: "default"
16-11-2024 20:26:00.086 INFO  Bootstrapping Spring Data JPA repositories in DEFAULT mode.
16-11-2024 20:26:00.101 INFO  Finished Spring Data repository scanning in 15 ms. Found 3 JPA repository interfaces.
16-11-2024 20:26:00.284 INFO  Tomcat initialized with port 9191 (http)
16-11-2024 20:26:00.286 INFO  Initializing ProtocolHandler ["http-nio-9191"]
16-11-2024 20:26:00.287 INFO  Starting service [Tomcat]
16-11-2024 20:26:00.287 INFO  Starting Servlet engine: [Apache Tomcat/10.1.20]
16-11-2024 20:26:00.329 INFO  Initializing Spring embedded WebApplicationContext
16-11-2024 20:26:00.329 INFO  Root WebApplicationContext: initialization completed in 625 ms
16-11-2024 20:26:00.476 INFO  HHH000204: Processing PersistenceUnitInfo [name: default]
16-11-2024 20:26:00.477 INFO  HHH000026: Second-level cache disabled
16-11-2024 20:26:00.481 INFO  No LoadTimeWeaver setup: ignoring JPA class transformer
16-11-2024 20:26:00.482 INFO  HikariPool-4 - Starting...
16-11-2024 20:26:00.509 INFO  HikariPool-4 - Added connection com.mysql.cj.jdbc.ConnectionImpl@2bb96c00
16-11-2024 20:26:00.510 INFO  HikariPool-4 - Start completed.
16-11-2024 20:26:00.591 INFO  HHH000489: No JTA platform available (set 'hibernate.transaction.jta.platform' to enable JTA platform integration)
16-11-2024 20:26:01.027 INFO  Initialized JPA EntityManagerFactory for persistence unit 'default'
16-11-2024 20:26:01.694 INFO  Exposing 12 endpoint(s) beneath base path '/actuator'
16-11-2024 20:26:01.722 INFO  Will secure any request with [org.springframework.security.web.session.DisableEncodeUrlFilter@1a19b2d3, org.springframework.security.web.context.request.async.WebAsyncManagerIntegrationFilter@3fd46fe, org.springframework.security.web.context.SecurityContextHolderFilter@7819d2da, org.springframework.security.web.header.HeaderWriterFilter@73c75cf4, org.springframework.web.filter.CorsFilter@55ea6b0c, org.springframework.security.web.csrf.CsrfFilter@5b0830d, org.springframework.security.web.authentication.logout.LogoutFilter@6d97a293, org.springframework.security.web.authentication.UsernamePasswordAuthenticationFilter@25a2035c, org.springframework.security.web.authentication.ui.DefaultLoginPageGeneratingFilter@491422ba, org.springframework.security.web.authentication.ui.DefaultLogoutPageGeneratingFilter@45d020af, org.springframework.security.web.authentication.www.BasicAuthenticationFilter@4c2aaae4, org.springframework.security.web.savedrequest.RequestCacheAwareFilter@7e6ed597, org.springframework.security.web.servletapi.SecurityContextHolderAwareRequestFilter@b2941ca, org.springframework.security.web.authentication.AnonymousAuthenticationFilter@12889dec, org.springframework.security.web.access.ExceptionTranslationFilter@39a19615, org.springframework.security.web.access.intercept.AuthorizationFilter@7aac9ec0]
16-11-2024 20:26:01.794 INFO  LiveReload server is running on port 35729
16-11-2024 20:26:01.814 INFO  Starting ProtocolHandler ["http-nio-9191"]
16-11-2024 20:26:01.824 INFO  Tomcat started on port 9191 (http) with context path '/bm/tm'
16-11-2024 20:26:01.836 INFO  Started TaskMangagerApplication in 2.182 seconds (process running for 1238.656)
16-11-2024 20:26:01.839 INFO  Condition evaluation unchanged
16-11-2024 20:26:59.697 INFO  Restarting due to 1 class path change (0 additions, 1 deletion, 0 modifications)
16-11-2024 20:26:59.699 INFO  Stopping ProtocolHandler ["http-nio-9191"]
16-11-2024 20:26:59.774 INFO  Closing JPA EntityManagerFactory for persistence unit 'default'
16-11-2024 20:26:59.982 INFO  HikariPool-4 - Shutdown initiated...
16-11-2024 20:26:59.999 INFO  HikariPool-4 - Shutdown completed.
16-11-2024 20:27:00.141 INFO  Starting TaskMangagerApplication using Java 17.0.10 with PID 28460 (D:\sources\Projecs\taskMangager\target\classes started by Khaled.Mohamed in D:\sources\Projecs\taskMangager)
16-11-2024 20:27:00.141 INFO  No active profile set, falling back to 1 default profile: "default"
16-11-2024 20:27:00.671 INFO  Bootstrapping Spring Data JPA repositories in DEFAULT mode.
16-11-2024 20:27:00.690 INFO  Finished Spring Data repository scanning in 19 ms. Found 3 JPA repository interfaces.
16-11-2024 20:27:00.861 INFO  Tomcat initialized with port 9191 (http)
16-11-2024 20:27:00.862 INFO  Initializing ProtocolHandler ["http-nio-9191"]
16-11-2024 20:27:00.862 INFO  Starting service [Tomcat]
16-11-2024 20:27:00.862 INFO  Starting Servlet engine: [Apache Tomcat/10.1.20]
16-11-2024 20:27:00.896 INFO  Initializing Spring embedded WebApplicationContext
16-11-2024 20:27:00.896 INFO  Root WebApplicationContext: initialization completed in 753 ms
16-11-2024 20:27:00.988 INFO  Stopping service [Tomcat]
16-11-2024 20:27:01.014 INFO  

Error starting ApplicationContext. To display the condition evaluation report re-run your application with 'debug' enabled.
16-11-2024 20:51:50.800 INFO  Starting TaskMangagerApplication using Java 17.0.10 with PID 28460 (D:\sources\Projecs\taskMangager\target\classes started by Khaled.Mohamed in D:\sources\Projecs\taskMangager)
16-11-2024 20:51:50.801 INFO  No active profile set, falling back to 1 default profile: "default"
16-11-2024 20:51:51.187 INFO  Bootstrapping Spring Data JPA repositories in DEFAULT mode.
16-11-2024 20:51:51.201 INFO  Finished Spring Data repository scanning in 14 ms. Found 3 JPA repository interfaces.
16-11-2024 20:51:51.349 INFO  Tomcat initialized with port 9191 (http)
16-11-2024 20:51:51.350 INFO  Initializing ProtocolHandler ["http-nio-9191"]
16-11-2024 20:51:51.350 INFO  Starting service [Tomcat]
16-11-2024 20:51:51.351 INFO  Starting Servlet engine: [Apache Tomcat/10.1.20]
16-11-2024 20:51:51.407 INFO  Initializing Spring embedded WebApplicationContext
16-11-2024 20:51:51.407 INFO  Root WebApplicationContext: initialization completed in 604 ms
16-11-2024 20:51:51.549 INFO  HHH000204: Processing PersistenceUnitInfo [name: default]
16-11-2024 20:51:51.551 INFO  HHH000026: Second-level cache disabled
16-11-2024 20:51:51.554 INFO  No LoadTimeWeaver setup: ignoring JPA class transformer
16-11-2024 20:51:51.555 INFO  HikariPool-5 - Starting...
16-11-2024 20:51:51.584 INFO  HikariPool-5 - Added connection com.mysql.cj.jdbc.ConnectionImpl@21cf8391
16-11-2024 20:51:51.584 INFO  HikariPool-5 - Start completed.
16-11-2024 20:51:51.667 INFO  HHH000489: No JTA platform available (set 'hibernate.transaction.jta.platform' to enable JTA platform integration)
16-11-2024 20:51:52.075 INFO  Initialized JPA EntityManagerFactory for persistence unit 'default'
16-11-2024 20:51:52.816 INFO  Exposing 12 endpoint(s) beneath base path '/actuator'
16-11-2024 20:51:52.846 INFO  Will secure any request with [org.springframework.security.web.session.DisableEncodeUrlFilter@30dfd909, org.springframework.security.web.context.request.async.WebAsyncManagerIntegrationFilter@7468fa6e, org.springframework.security.web.context.SecurityContextHolderFilter@35cc3339, org.springframework.security.web.header.HeaderWriterFilter@211915c0, org.springframework.web.filter.CorsFilter@6df47879, org.springframework.security.web.csrf.CsrfFilter@27a68e98, org.springframework.security.web.authentication.logout.LogoutFilter@51b35824, org.springframework.security.web.authentication.UsernamePasswordAuthenticationFilter@14eb722a, org.springframework.security.web.authentication.ui.DefaultLoginPageGeneratingFilter@20c30c48, org.springframework.security.web.authentication.ui.DefaultLogoutPageGeneratingFilter@b2357df, org.springframework.security.web.authentication.www.BasicAuthenticationFilter@70c686aa, org.springframework.security.web.savedrequest.RequestCacheAwareFilter@3387bdfb, org.springframework.security.web.servletapi.SecurityContextHolderAwareRequestFilter@62d560a2, org.springframework.security.web.authentication.AnonymousAuthenticationFilter@45fad023, org.springframework.security.web.access.ExceptionTranslationFilter@6c8c5dc7, org.springframework.security.web.access.intercept.AuthorizationFilter@1e3db4d0]
16-11-2024 20:51:52.916 INFO  LiveReload server is running on port 35729
16-11-2024 20:51:52.934 INFO  Starting ProtocolHandler ["http-nio-9191"]
16-11-2024 20:51:52.944 INFO  Tomcat started on port 9191 (http) with context path '/bm/tm'
16-11-2024 20:51:52.955 INFO  Started TaskMangagerApplication in 2.207 seconds (process running for 2787.692)
16-11-2024 20:51:52.958 INFO  Condition evaluation unchanged
16-11-2024 20:52:10.789 INFO  Restarting due to 1 class path change (0 additions, 1 deletion, 0 modifications)
16-11-2024 20:52:10.793 INFO  Stopping ProtocolHandler ["http-nio-9191"]
16-11-2024 20:52:10.856 INFO  Closing JPA EntityManagerFactory for persistence unit 'default'
16-11-2024 20:52:11.143 INFO  HikariPool-5 - Shutdown initiated...
16-11-2024 20:52:11.165 INFO  HikariPool-5 - Shutdown completed.
16-11-2024 20:52:11.350 INFO  Starting TaskMangagerApplication using Java 17.0.10 with PID 28460 (D:\sources\Projecs\taskMangager\target\classes started by Khaled.Mohamed in D:\sources\Projecs\taskMangager)
16-11-2024 20:52:11.352 INFO  No active profile set, falling back to 1 default profile: "default"
16-11-2024 20:52:11.835 INFO  Bootstrapping Spring Data JPA repositories in DEFAULT mode.
16-11-2024 20:52:11.864 INFO  Finished Spring Data repository scanning in 28 ms. Found 3 JPA repository interfaces.
16-11-2024 20:52:12.104 INFO  Tomcat initialized with port 9191 (http)
16-11-2024 20:52:12.105 INFO  Initializing ProtocolHandler ["http-nio-9191"]
16-11-2024 20:52:12.106 INFO  Starting service [Tomcat]
16-11-2024 20:52:12.106 INFO  Starting Servlet engine: [Apache Tomcat/10.1.20]
16-11-2024 20:52:12.163 INFO  Initializing Spring embedded WebApplicationContext
16-11-2024 20:52:12.164 INFO  Root WebApplicationContext: initialization completed in 805 ms
16-11-2024 20:52:12.293 INFO  Stopping service [Tomcat]
16-11-2024 20:52:12.312 INFO  

Error starting ApplicationContext. To display the condition evaluation report re-run your application with 'debug' enabled.
16-11-2024 20:53:42.308 INFO  Starting TaskMangagerApplication using Java 17.0.10 with PID 28460 (D:\sources\Projecs\taskMangager\target\classes started by Khaled.Mohamed in D:\sources\Projecs\taskMangager)
16-11-2024 20:53:42.309 INFO  No active profile set, falling back to 1 default profile: "default"
16-11-2024 20:53:42.660 INFO  Bootstrapping Spring Data JPA repositories in DEFAULT mode.
16-11-2024 20:53:42.674 INFO  Finished Spring Data repository scanning in 14 ms. Found 3 JPA repository interfaces.
16-11-2024 20:53:42.853 INFO  Tomcat initialized with port 9191 (http)
16-11-2024 20:53:42.854 INFO  Initializing ProtocolHandler ["http-nio-9191"]
16-11-2024 20:53:42.854 INFO  Starting service [Tomcat]
16-11-2024 20:53:42.854 INFO  Starting Servlet engine: [Apache Tomcat/10.1.20]
16-11-2024 20:53:42.890 INFO  Initializing Spring embedded WebApplicationContext
16-11-2024 20:53:42.890 INFO  Root WebApplicationContext: initialization completed in 580 ms
16-11-2024 20:53:43.013 INFO  HHH000204: Processing PersistenceUnitInfo [name: default]
16-11-2024 20:53:43.015 INFO  HHH000026: Second-level cache disabled
16-11-2024 20:53:43.018 INFO  No LoadTimeWeaver setup: ignoring JPA class transformer
16-11-2024 20:53:43.018 INFO  HikariPool-6 - Starting...
16-11-2024 20:53:43.048 INFO  HikariPool-6 - Added connection com.mysql.cj.jdbc.ConnectionImpl@1df7caf
16-11-2024 20:53:43.048 INFO  HikariPool-6 - Start completed.
16-11-2024 20:53:43.103 INFO  HHH000489: No JTA platform available (set 'hibernate.transaction.jta.platform' to enable JTA platform integration)
16-11-2024 20:53:43.556 INFO  Initialized JPA EntityManagerFactory for persistence unit 'default'
16-11-2024 20:53:44.301 INFO  Exposing 12 endpoint(s) beneath base path '/actuator'
16-11-2024 20:53:44.327 INFO  Will secure any request with [org.springframework.security.web.session.DisableEncodeUrlFilter@7f561fe1, org.springframework.security.web.context.request.async.WebAsyncManagerIntegrationFilter@368521d1, org.springframework.security.web.context.SecurityContextHolderFilter@686b1fec, org.springframework.security.web.header.HeaderWriterFilter@1b59c1f2, org.springframework.web.filter.CorsFilter@252957a0, org.springframework.security.web.csrf.CsrfFilter@493d20fc, org.springframework.security.web.authentication.logout.LogoutFilter@7a8215b7, org.springframework.security.web.authentication.UsernamePasswordAuthenticationFilter@3cdfe364, org.springframework.security.web.authentication.ui.DefaultLoginPageGeneratingFilter@421a6c2, org.springframework.security.web.authentication.ui.DefaultLogoutPageGeneratingFilter@51d09a1f, org.springframework.security.web.authentication.www.BasicAuthenticationFilter@71595121, org.springframework.security.web.savedrequest.RequestCacheAwareFilter@2f19a820, org.springframework.security.web.servletapi.SecurityContextHolderAwareRequestFilter@65820ab1, org.springframework.security.web.authentication.AnonymousAuthenticationFilter@1e362ed3, org.springframework.security.web.access.ExceptionTranslationFilter@8f94626, org.springframework.security.web.access.intercept.AuthorizationFilter@16f5bbe1]
16-11-2024 20:53:44.406 INFO  LiveReload server is running on port 35729
16-11-2024 20:53:44.435 INFO  Starting ProtocolHandler ["http-nio-9191"]
16-11-2024 20:53:44.446 INFO  Tomcat started on port 9191 (http) with context path '/bm/tm'
16-11-2024 20:53:44.462 INFO  Started TaskMangagerApplication in 2.204 seconds (process running for 2899.197)
16-11-2024 20:53:44.464 INFO  Condition evaluation unchanged
16-11-2024 20:54:02.314 INFO  Restarting due to 1 class path change (0 additions, 1 deletion, 0 modifications)
16-11-2024 20:54:02.316 INFO  Stopping ProtocolHandler ["http-nio-9191"]
16-11-2024 20:54:02.364 INFO  Closing JPA EntityManagerFactory for persistence unit 'default'
16-11-2024 20:54:02.621 INFO  HikariPool-6 - Shutdown initiated...
16-11-2024 20:54:02.638 INFO  HikariPool-6 - Shutdown completed.
16-11-2024 20:54:02.782 INFO  Starting TaskMangagerApplication using Java 17.0.10 with PID 28460 (D:\sources\Projecs\taskMangager\target\classes started by Khaled.Mohamed in D:\sources\Projecs\taskMangager)
16-11-2024 20:54:02.782 INFO  No active profile set, falling back to 1 default profile: "default"
16-11-2024 20:54:03.292 INFO  Bootstrapping Spring Data JPA repositories in DEFAULT mode.
16-11-2024 20:54:03.323 INFO  Finished Spring Data repository scanning in 30 ms. Found 3 JPA repository interfaces.
16-11-2024 20:54:03.506 INFO  Tomcat initialized with port 9191 (http)
16-11-2024 20:54:03.507 INFO  Initializing ProtocolHandler ["http-nio-9191"]
16-11-2024 20:54:03.507 INFO  Starting service [Tomcat]
16-11-2024 20:54:03.507 INFO  Starting Servlet engine: [Apache Tomcat/10.1.20]
16-11-2024 20:54:03.547 INFO  Initializing Spring embedded WebApplicationContext
16-11-2024 20:54:03.547 INFO  Root WebApplicationContext: initialization completed in 762 ms
16-11-2024 20:54:03.618 INFO  Stopping service [Tomcat]
16-11-2024 20:54:03.634 INFO  

Error starting ApplicationContext. To display the condition evaluation report re-run your application with 'debug' enabled.
16-11-2024 20:54:06.139 INFO  Starting TaskMangagerApplication using Java 17.0.10 with PID 28460 (D:\sources\Projecs\taskMangager\target\classes started by Khaled.Mohamed in D:\sources\Projecs\taskMangager)
16-11-2024 20:54:06.139 INFO  No active profile set, falling back to 1 default profile: "default"
16-11-2024 20:54:06.485 INFO  Bootstrapping Spring Data JPA repositories in DEFAULT mode.
16-11-2024 20:54:06.503 INFO  Finished Spring Data repository scanning in 16 ms. Found 3 JPA repository interfaces.
16-11-2024 20:54:06.708 INFO  Tomcat initialized with port 9191 (http)
16-11-2024 20:54:06.709 INFO  Initializing ProtocolHandler ["http-nio-9191"]
16-11-2024 20:54:06.709 INFO  Starting service [Tomcat]
16-11-2024 20:54:06.709 INFO  Starting Servlet engine: [Apache Tomcat/10.1.20]
16-11-2024 20:54:06.742 INFO  Initializing Spring embedded WebApplicationContext
16-11-2024 20:54:06.742 INFO  Root WebApplicationContext: initialization completed in 601 ms
16-11-2024 20:54:06.856 INFO  HHH000204: Processing PersistenceUnitInfo [name: default]
16-11-2024 20:54:06.858 INFO  HHH000026: Second-level cache disabled
16-11-2024 20:54:06.861 INFO  No LoadTimeWeaver setup: ignoring JPA class transformer
16-11-2024 20:54:06.862 INFO  HikariPool-7 - Starting...
16-11-2024 20:54:06.881 INFO  HikariPool-7 - Added connection com.mysql.cj.jdbc.ConnectionImpl@5067e853
16-11-2024 20:54:06.881 INFO  HikariPool-7 - Start completed.
16-11-2024 20:54:06.937 INFO  HHH000489: No JTA platform available (set 'hibernate.transaction.jta.platform' to enable JTA platform integration)
16-11-2024 20:54:07.353 INFO  Initialized JPA EntityManagerFactory for persistence unit 'default'
16-11-2024 20:54:07.973 INFO  Exposing 12 endpoint(s) beneath base path '/actuator'
16-11-2024 20:54:07.996 INFO  Will secure any request with [org.springframework.security.web.session.DisableEncodeUrlFilter@559c4f97, org.springframework.security.web.context.request.async.WebAsyncManagerIntegrationFilter@7279d405, org.springframework.security.web.context.SecurityContextHolderFilter@53a3a13c, org.springframework.security.web.header.HeaderWriterFilter@5cda3968, org.springframework.web.filter.CorsFilter@2aa5c383, org.springframework.security.web.csrf.CsrfFilter@7b6b219c, org.springframework.security.web.authentication.logout.LogoutFilter@6c133c58, org.springframework.security.web.authentication.UsernamePasswordAuthenticationFilter@67a22831, org.springframework.security.web.authentication.ui.DefaultLoginPageGeneratingFilter@ba37eea, org.springframework.security.web.authentication.ui.DefaultLogoutPageGeneratingFilter@f11cc7, org.springframework.security.web.authentication.www.BasicAuthenticationFilter@6d595362, org.springframework.security.web.savedrequest.RequestCacheAwareFilter@3efcb4db, org.springframework.security.web.servletapi.SecurityContextHolderAwareRequestFilter@592cfacc, org.springframework.security.web.authentication.AnonymousAuthenticationFilter@37260bb9, org.springframework.security.web.access.ExceptionTranslationFilter@54408fef, org.springframework.security.web.access.intercept.AuthorizationFilter@1049b8c8]
16-11-2024 20:54:08.056 INFO  LiveReload server is running on port 35729
16-11-2024 20:54:08.079 INFO  Starting ProtocolHandler ["http-nio-9191"]
16-11-2024 20:54:08.090 INFO  Tomcat started on port 9191 (http) with context path '/bm/tm'
16-11-2024 20:54:08.101 INFO  Started TaskMangagerApplication in 1.998 seconds (process running for 2922.836)
16-11-2024 20:54:08.103 INFO  Condition evaluation unchanged
16-11-2024 20:55:41.217 INFO  Restarting due to 1 class path change (0 additions, 1 deletion, 0 modifications)
16-11-2024 20:55:41.219 INFO  Stopping ProtocolHandler ["http-nio-9191"]
16-11-2024 20:55:41.296 INFO  Closing JPA EntityManagerFactory for persistence unit 'default'
16-11-2024 20:55:41.510 INFO  HikariPool-7 - Shutdown initiated...
16-11-2024 20:55:41.529 INFO  HikariPool-7 - Shutdown completed.
16-11-2024 20:55:41.679 INFO  Starting TaskMangagerApplication using Java 17.0.10 with PID 28460 (D:\sources\Projecs\taskMangager\target\classes started by Khaled.Mohamed in D:\sources\Projecs\taskMangager)
16-11-2024 20:55:41.679 INFO  No active profile set, falling back to 1 default profile: "default"
16-11-2024 20:55:42.111 INFO  Bootstrapping Spring Data JPA repositories in DEFAULT mode.
16-11-2024 20:55:42.125 INFO  Finished Spring Data repository scanning in 13 ms. Found 3 JPA repository interfaces.
16-11-2024 20:55:42.309 INFO  Tomcat initialized with port 9191 (http)
16-11-2024 20:55:42.310 INFO  Initializing ProtocolHandler ["http-nio-9191"]
16-11-2024 20:55:42.310 INFO  Starting service [Tomcat]
16-11-2024 20:55:42.311 INFO  Starting Servlet engine: [Apache Tomcat/10.1.20]
16-11-2024 20:55:42.349 INFO  Initializing Spring embedded WebApplicationContext
16-11-2024 20:55:42.349 INFO  Root WebApplicationContext: initialization completed in 668 ms
16-11-2024 20:55:42.423 INFO  Stopping service [Tomcat]
16-11-2024 20:55:42.436 INFO  

Error starting ApplicationContext. To display the condition evaluation report re-run your application with 'debug' enabled.
16-11-2024 20:55:43.936 INFO  Starting TaskMangagerApplication using Java 17.0.10 with PID 28460 (D:\sources\Projecs\taskMangager\target\classes started by Khaled.Mohamed in D:\sources\Projecs\taskMangager)
16-11-2024 20:55:43.937 INFO  No active profile set, falling back to 1 default profile: "default"
16-11-2024 20:55:44.510 INFO  Bootstrapping Spring Data JPA repositories in DEFAULT mode.
16-11-2024 20:55:44.539 INFO  Finished Spring Data repository scanning in 29 ms. Found 3 JPA repository interfaces.
16-11-2024 20:55:44.799 INFO  Tomcat initialized with port 9191 (http)
16-11-2024 20:55:44.800 INFO  Initializing ProtocolHandler ["http-nio-9191"]
16-11-2024 20:55:44.800 INFO  Starting service [Tomcat]
16-11-2024 20:55:44.800 INFO  Starting Servlet engine: [Apache Tomcat/10.1.20]
16-11-2024 20:55:44.850 INFO  Initializing Spring embedded WebApplicationContext
16-11-2024 20:55:44.850 INFO  Root WebApplicationContext: initialization completed in 911 ms
16-11-2024 20:55:45.080 INFO  HHH000204: Processing PersistenceUnitInfo [name: default]
16-11-2024 20:55:45.088 INFO  HHH000026: Second-level cache disabled
16-11-2024 20:55:45.095 INFO  No LoadTimeWeaver setup: ignoring JPA class transformer
16-11-2024 20:55:45.097 INFO  HikariPool-8 - Starting...
16-11-2024 20:55:45.133 INFO  HikariPool-8 - Added connection com.mysql.cj.jdbc.ConnectionImpl@5f803a8a
16-11-2024 20:55:45.134 INFO  HikariPool-8 - Start completed.
16-11-2024 20:55:45.227 INFO  HHH000489: No JTA platform available (set 'hibernate.transaction.jta.platform' to enable JTA platform integration)
16-11-2024 20:55:45.638 INFO  Initialized JPA EntityManagerFactory for persistence unit 'default'
16-11-2024 20:55:46.289 INFO  Exposing 12 endpoint(s) beneath base path '/actuator'
16-11-2024 20:55:46.314 INFO  Will secure any request with [org.springframework.security.web.session.DisableEncodeUrlFilter@792312f1, org.springframework.security.web.context.request.async.WebAsyncManagerIntegrationFilter@5700fd1e, org.springframework.security.web.context.SecurityContextHolderFilter@4aeb43d7, org.springframework.security.web.header.HeaderWriterFilter@215c3a0f, org.springframework.web.filter.CorsFilter@2b919195, org.springframework.security.web.csrf.CsrfFilter@4976d383, org.springframework.security.web.authentication.logout.LogoutFilter@45b50e3a, org.springframework.security.web.authentication.UsernamePasswordAuthenticationFilter@15b0083c, org.springframework.security.web.authentication.ui.DefaultLoginPageGeneratingFilter@b2c40d, org.springframework.security.web.authentication.ui.DefaultLogoutPageGeneratingFilter@bd7ff3d, org.springframework.security.web.authentication.www.BasicAuthenticationFilter@8e4dd26, org.springframework.security.web.savedrequest.RequestCacheAwareFilter@7a6ef489, org.springframework.security.web.servletapi.SecurityContextHolderAwareRequestFilter@648e299, org.springframework.security.web.authentication.AnonymousAuthenticationFilter@6a02d02c, org.springframework.security.web.access.ExceptionTranslationFilter@6ddf1cce, org.springframework.security.web.access.intercept.AuthorizationFilter@58b4423e]
16-11-2024 20:55:46.400 INFO  LiveReload server is running on port 35729
16-11-2024 20:55:46.430 INFO  Starting ProtocolHandler ["http-nio-9191"]
16-11-2024 20:55:46.447 INFO  Tomcat started on port 9191 (http) with context path '/bm/tm'
16-11-2024 20:55:46.464 INFO  Started TaskMangagerApplication in 2.575 seconds (process running for 3021.198)
16-11-2024 20:55:46.466 INFO  Condition evaluation unchanged
16-11-2024 20:56:36.203 INFO  Restarting due to 1 class path change (0 additions, 1 deletion, 0 modifications)
16-11-2024 20:56:36.204 INFO  Stopping ProtocolHandler ["http-nio-9191"]
16-11-2024 20:56:36.253 INFO  Closing JPA EntityManagerFactory for persistence unit 'default'
16-11-2024 20:56:36.477 INFO  HikariPool-8 - Shutdown initiated...
16-11-2024 20:56:36.491 INFO  HikariPool-8 - Shutdown completed.
16-11-2024 20:56:36.617 INFO  Starting TaskMangagerApplication using Java 17.0.10 with PID 28460 (D:\sources\Projecs\taskMangager\target\classes started by Khaled.Mohamed in D:\sources\Projecs\taskMangager)
16-11-2024 20:56:36.618 INFO  No active profile set, falling back to 1 default profile: "default"
16-11-2024 20:56:37.021 INFO  Bootstrapping Spring Data JPA repositories in DEFAULT mode.
16-11-2024 20:56:37.044 INFO  Finished Spring Data repository scanning in 23 ms. Found 3 JPA repository interfaces.
16-11-2024 20:56:37.350 INFO  Tomcat initialized with port 9191 (http)
16-11-2024 20:56:37.350 INFO  Initializing ProtocolHandler ["http-nio-9191"]
16-11-2024 20:56:37.351 INFO  Starting service [Tomcat]
16-11-2024 20:56:37.351 INFO  Starting Servlet engine: [Apache Tomcat/10.1.20]
16-11-2024 20:56:37.396 INFO  Initializing Spring embedded WebApplicationContext
16-11-2024 20:56:37.396 INFO  Root WebApplicationContext: initialization completed in 776 ms
16-11-2024 20:56:37.508 INFO  Stopping service [Tomcat]
16-11-2024 20:56:37.526 INFO  

Error starting ApplicationContext. To display the condition evaluation report re-run your application with 'debug' enabled.
16-11-2024 20:56:39.010 INFO  Starting TaskMangagerApplication using Java 17.0.10 with PID 28460 (D:\sources\Projecs\taskMangager\target\classes started by Khaled.Mohamed in D:\sources\Projecs\taskMangager)
16-11-2024 20:56:39.011 INFO  No active profile set, falling back to 1 default profile: "default"
16-11-2024 20:56:39.407 INFO  Bootstrapping Spring Data JPA repositories in DEFAULT mode.
16-11-2024 20:56:39.422 INFO  Finished Spring Data repository scanning in 15 ms. Found 3 JPA repository interfaces.
16-11-2024 20:56:39.584 INFO  Tomcat initialized with port 9191 (http)
16-11-2024 20:56:39.584 INFO  Initializing ProtocolHandler ["http-nio-9191"]
16-11-2024 20:56:39.585 INFO  Starting service [Tomcat]
16-11-2024 20:56:39.585 INFO  Starting Servlet engine: [Apache Tomcat/10.1.20]
16-11-2024 20:56:39.617 INFO  Initializing Spring embedded WebApplicationContext
16-11-2024 20:56:39.617 INFO  Root WebApplicationContext: initialization completed in 604 ms
16-11-2024 20:56:39.753 INFO  HHH000204: Processing PersistenceUnitInfo [name: default]
16-11-2024 20:56:39.754 INFO  HHH000026: Second-level cache disabled
16-11-2024 20:56:39.757 INFO  No LoadTimeWeaver setup: ignoring JPA class transformer
16-11-2024 20:56:39.757 INFO  HikariPool-9 - Starting...
16-11-2024 20:56:39.779 INFO  HikariPool-9 - Added connection com.mysql.cj.jdbc.ConnectionImpl@67ec86d0
16-11-2024 20:56:39.779 INFO  HikariPool-9 - Start completed.
16-11-2024 20:56:39.836 INFO  HHH000489: No JTA platform available (set 'hibernate.transaction.jta.platform' to enable JTA platform integration)
16-11-2024 20:56:40.244 INFO  Initialized JPA EntityManagerFactory for persistence unit 'default'
16-11-2024 20:56:40.957 INFO  Exposing 12 endpoint(s) beneath base path '/actuator'
16-11-2024 20:56:40.983 INFO  Will secure any request with [org.springframework.security.web.session.DisableEncodeUrlFilter@7f87654c, org.springframework.security.web.context.request.async.WebAsyncManagerIntegrationFilter@3f7885d, org.springframework.security.web.context.SecurityContextHolderFilter@5238a150, org.springframework.security.web.header.HeaderWriterFilter@56568e8d, org.springframework.web.filter.CorsFilter@1a051678, org.springframework.security.web.csrf.CsrfFilter@12bb4b8f, org.springframework.security.web.authentication.logout.LogoutFilter@7bc40fe, org.springframework.security.web.authentication.UsernamePasswordAuthenticationFilter@5d36019a, org.springframework.security.web.authentication.ui.DefaultLoginPageGeneratingFilter@610c3315, org.springframework.security.web.authentication.ui.DefaultLogoutPageGeneratingFilter@4c523430, org.springframework.security.web.authentication.www.BasicAuthenticationFilter@38b8869f, org.springframework.security.web.savedrequest.RequestCacheAwareFilter@328f18cd, org.springframework.security.web.servletapi.SecurityContextHolderAwareRequestFilter@5c4a05e9, org.springframework.security.web.authentication.AnonymousAuthenticationFilter@83b95f3, org.springframework.security.web.access.ExceptionTranslationFilter@677cdf05, org.springframework.security.web.access.intercept.AuthorizationFilter@69f45a5a]
16-11-2024 20:56:41.047 INFO  LiveReload server is running on port 35729
16-11-2024 20:56:41.073 INFO  Starting ProtocolHandler ["http-nio-9191"]
16-11-2024 20:56:41.085 INFO  Tomcat started on port 9191 (http) with context path '/bm/tm'
16-11-2024 20:56:41.096 INFO  Started TaskMangagerApplication in 2.126 seconds (process running for 3075.83)
16-11-2024 20:56:41.099 INFO  Condition evaluation unchanged
16-11-2024 20:56:56.902 INFO  Restarting due to 1 class path change (0 additions, 1 deletion, 0 modifications)
16-11-2024 20:56:56.904 INFO  Stopping ProtocolHandler ["http-nio-9191"]
16-11-2024 20:56:56.982 INFO  Closing JPA EntityManagerFactory for persistence unit 'default'
16-11-2024 20:56:57.176 INFO  HikariPool-9 - Shutdown initiated...
16-11-2024 20:56:57.193 INFO  HikariPool-9 - Shutdown completed.
16-11-2024 20:56:57.323 INFO  Starting TaskMangagerApplication using Java 17.0.10 with PID 28460 (D:\sources\Projecs\taskMangager\target\classes started by Khaled.Mohamed in D:\sources\Projecs\taskMangager)
16-11-2024 20:56:57.323 INFO  No active profile set, falling back to 1 default profile: "default"
16-11-2024 20:56:57.809 INFO  Bootstrapping Spring Data JPA repositories in DEFAULT mode.
16-11-2024 20:56:57.828 INFO  Finished Spring Data repository scanning in 17 ms. Found 3 JPA repository interfaces.
16-11-2024 20:56:58.069 INFO  Tomcat initialized with port 9191 (http)
16-11-2024 20:56:58.070 INFO  Initializing ProtocolHandler ["http-nio-9191"]
16-11-2024 20:56:58.071 INFO  Starting service [Tomcat]
16-11-2024 20:56:58.071 INFO  Starting Servlet engine: [Apache Tomcat/10.1.20]
16-11-2024 20:56:58.164 INFO  Initializing Spring embedded WebApplicationContext
16-11-2024 20:56:58.164 INFO  Root WebApplicationContext: initialization completed in 840 ms
16-11-2024 20:56:58.255 INFO  Stopping service [Tomcat]
16-11-2024 20:56:58.270 INFO  

Error starting ApplicationContext. To display the condition evaluation report re-run your application with 'debug' enabled.
16-11-2024 20:56:59.766 INFO  Starting TaskMangagerApplication using Java 17.0.10 with PID 28460 (D:\sources\Projecs\taskMangager\target\classes started by Khaled.Mohamed in D:\sources\Projecs\taskMangager)
16-11-2024 20:56:59.766 INFO  No active profile set, falling back to 1 default profile: "default"
16-11-2024 20:57:00.159 INFO  Bootstrapping Spring Data JPA repositories in DEFAULT mode.
16-11-2024 20:57:00.174 INFO  Finished Spring Data repository scanning in 14 ms. Found 3 JPA repository interfaces.
16-11-2024 20:57:00.355 INFO  Tomcat initialized with port 9191 (http)
16-11-2024 20:57:00.356 INFO  Initializing ProtocolHandler ["http-nio-9191"]
16-11-2024 20:57:00.356 INFO  Starting service [Tomcat]
16-11-2024 20:57:00.356 INFO  Starting Servlet engine: [Apache Tomcat/10.1.20]
16-11-2024 20:57:00.453 INFO  Initializing Spring embedded WebApplicationContext
16-11-2024 20:57:00.453 INFO  Root WebApplicationContext: initialization completed in 686 ms
16-11-2024 20:57:00.609 INFO  HHH000204: Processing PersistenceUnitInfo [name: default]
16-11-2024 20:57:00.611 INFO  HHH000026: Second-level cache disabled
16-11-2024 20:57:00.615 INFO  No LoadTimeWeaver setup: ignoring JPA class transformer
16-11-2024 20:57:00.616 INFO  HikariPool-10 - Starting...
16-11-2024 20:57:00.641 INFO  HikariPool-10 - Added connection com.mysql.cj.jdbc.ConnectionImpl@3f3ef4ca
16-11-2024 20:57:00.641 INFO  HikariPool-10 - Start completed.
16-11-2024 20:57:00.721 INFO  HHH000489: No JTA platform available (set 'hibernate.transaction.jta.platform' to enable JTA platform integration)
16-11-2024 20:57:01.069 INFO  Initialized JPA EntityManagerFactory for persistence unit 'default'
16-11-2024 20:57:01.855 INFO  Exposing 12 endpoint(s) beneath base path '/actuator'
16-11-2024 20:57:01.882 INFO  Will secure any request with [org.springframework.security.web.session.DisableEncodeUrlFilter@354d9222, org.springframework.security.web.context.request.async.WebAsyncManagerIntegrationFilter@2c0fa610, org.springframework.security.web.context.SecurityContextHolderFilter@4adfb10d, org.springframework.security.web.header.HeaderWriterFilter@4dbd8339, org.springframework.web.filter.CorsFilter@4a522280, org.springframework.security.web.csrf.CsrfFilter@4d116282, org.springframework.security.web.authentication.logout.LogoutFilter@16f347e1, org.springframework.security.web.authentication.UsernamePasswordAuthenticationFilter@2551972a, org.springframework.security.web.authentication.ui.DefaultLoginPageGeneratingFilter@27601555, org.springframework.security.web.authentication.ui.DefaultLogoutPageGeneratingFilter@48647c05, org.springframework.security.web.authentication.www.BasicAuthenticationFilter@3a1469e2, org.springframework.security.web.savedrequest.RequestCacheAwareFilter@73ed9dac, org.springframework.security.web.servletapi.SecurityContextHolderAwareRequestFilter@552ed7e6, org.springframework.security.web.authentication.AnonymousAuthenticationFilter@11613ba9, org.springframework.security.web.access.ExceptionTranslationFilter@2e3715d1, org.springframework.security.web.access.intercept.AuthorizationFilter@1efe70c9]
16-11-2024 20:57:01.971 INFO  LiveReload server is running on port 35729
16-11-2024 20:57:02.020 INFO  Starting ProtocolHandler ["http-nio-9191"]
16-11-2024 20:57:02.035 INFO  Tomcat started on port 9191 (http) with context path '/bm/tm'
16-11-2024 20:57:02.049 INFO  Started TaskMangagerApplication in 2.318 seconds (process running for 3096.783)
16-11-2024 20:57:02.051 INFO  Condition evaluation unchanged
16-11-2024 20:57:19.992 INFO  Closing JPA EntityManagerFactory for persistence unit 'default'
16-11-2024 20:57:20.124 INFO  HikariPool-10 - Shutdown initiated...
16-11-2024 20:57:20.135 INFO  HikariPool-10 - Shutdown completed.
